<?xml version="1.0" encoding="UTF-8"?>
<!-- Generated by org.testng.reporters.JUnitXMLReporter -->
<testsuite hostname="RITHWIK-PC" ignored="0" name="example1" tests="5" failures="0" timestamp="21 May 2018 22:57:18 GMT" time="40.587" errors="0">
  <testcase name="googleCycle" time="0.047" classname="example1.Practc1"/>
  <testcase name="google_title_test" time="0.0" classname="example1.Practc1"/>
  <testcase name="Google_Titile_Test" time="0.074" classname="example1.Practic2"/>
  <testcase name="maillinktext" time="0.793" classname="example1.Practic2"/>
  <testcase name="LogoTest" time="0.201" classname="example1.Practic2"/>
</testsuite> <!-- example1 -->
