<?xml version="1.0" encoding="UTF-8"?>
<!-- Generated by org.testng.reporters.JUnitXMLReporter -->
<testsuite hostname="RITHWIK-PC" ignored="1" name="testNG_Topics2" tests="2" failures="0" timestamp="21 May 2018 22:59:52 GMT" time="33.457" errors="0">
  <testcase name="cloud" time="0.772" classname="testNG_Topics.Solutions"/>
  <testcase name="mobi" time="0.737" classname="testNG_Topics.Solutions"/>
  <testcase name="Supply" time="0.0" classname="testNG_Topics.Solutions">
    <ignored/>
  </testcase> <!-- Supply -->
</testsuite> <!-- testNG_Topics2 -->
